Unity Editor version:    2020.3.30f1 (1fb1bf06830e)
Branch:                  2020.3/staging
Build type:              Release
Batch mode:              YES
System name:             Linux
Distro version:          #1 SMP Debian 5.14.16-1kali1 (2021-11-05)
Kernel version:          5.14.0-kali4-amd64
Architecture:            x86_64
Available memory:        11854 MB
Using pre-set license
Pro License: NO
Desktop is 1920 x 1080 @ 60 Hz

COMMAND LINE ARGUMENTS:
Unity
-adb2
-batchMode
-noUpm
-name
AssetImportWorker0
-projectPath
/home/arsnel/Park
-logFile
Logs/AssetImportWorker0.log
-srvPort
39743
Successfully changed project path to: /home/arsnel/Park
/home/arsnel/Park
Using Asset Import Pipeline V2.
Refreshing native plugins compatible for Editor in 33.65 ms, found 0 plugins.
Preloading 0 native plugins for Editor in 0.00 ms.
Initialize engine version: 2020.3.30f1 (1fb1bf06830e)
[Subsystems] Discovering subsystems at path /home/arsnel/Unity/Hub/Editor/2020.3.30f1/Editor/Data/Resources/UnitySubsystems
[Subsystems] Discovering subsystems at path /home/arsnel/Park/Assets
GLX Extensions: GLX_ARB_create_context GLX_ARB_create_context_no_error GLX_ARB_create_context_profile GLX_ARB_create_context_robustness GLX_ARB_fbconfig_float GLX_ARB_framebuffer_sRGB GLX_ARB_get_proc_address GLX_ARB_multisample GLX_EXT_buffer_age GLX_EXT_create_context_es2_profile GLX_EXT_create_context_es_profile GLX_EXT_fbconfig_packed_float GLX_EXT_framebuffer_sRGB GLX_EXT_import_context GLX_EXT_no_config_context GLX_EXT_swap_control GLX_EXT_swap_control_tear GLX_EXT_texture_from_pixmap GLX_EXT_visual_info GLX_EXT_visual_rating GLX_INTEL_swap_event GLX_MESA_copy_sub_buffer GLX_MESA_query_renderer GLX_MESA_swap_control GLX_OML_swap_method GLX_OML_sync_control GLX_SGIS_multisample GLX_SGIX_fbconfig GLX_SGIX_pbuffer GLX_SGIX_visual_select_group GLX_SGI_make_current_read GLX_SGI_swap_control GLX_SGI_video_sync 
Renderer: Mesa Intel(R) UHD Graphics 620 (KBL GT2)
Vendor:   Intel
Version:  4.6 (Core Profile) Mesa 21.2.6
GLES:     0
 GL_3DFX_texture_compression_FXT1 GL_AMD_conservative_depth GL_AMD_depth_clamp_separate GL_AMD_draw_buffers_blend GL_AMD_gpu_shader_int64 GL_AMD_multi_draw_indirect GL_AMD_performance_monitor GL_AMD_pinned_memory GL_AMD_query_buffer_object GL_AMD_seamless_cubemap_per_texture GL_AMD_shader_stencil_export GL_AMD_shader_trinary_minmax GL_AMD_texture_texture4 GL_AMD_vertex_shader_layer GL_AMD_vertex_shader_viewport_index GL_ANGLE_texture_compression_dxt3 GL_ANGLE_texture_compression_dxt5 GL_ARB_ES2_compatibility GL_ARB_ES3_1_compatibility GL_ARB_ES3_2_compatibility GL_ARB_ES3_compatibility GL_ARB_arrays_of_arrays GL_ARB_base_instance GL_ARB_blend_func_extended GL_ARB_buffer_storage GL_ARB_clear_buffer_object GL_ARB_clear_texture GL_ARB_clip_control GL_ARB_compressed_texture_pixel_storage GL_ARB_compute_shader GL_ARB_compute_variable_group_size GL_ARB_conditional_render_inverted GL_ARB_conservative_depth GL_ARB_copy_buffer GL_ARB_copy_image GL_ARB_cull_distance GL_ARB_debug_output GL_ARB_depth_buffer_float GL_ARB
_depth_clamp GL_ARB_derivative_control GL_ARB_direct_state_access GL_ARB_draw_buffers GL_ARB_draw_buffers_blend GL_ARB_draw_elements_base_vertex GL_ARB_draw_indirect GL_ARB_draw_instanced GL_ARB_enhanced_layouts GL_ARB_explicit_attrib_location GL_ARB_explicit_uniform_location GL_ARB_fragment_coord_conventions GL_ARB_fragment_layer_viewport GL_ARB_fragment_shader GL_ARB_fragment_shader_interlock GL_ARB_framebuffer_no_attachments GL_ARB_framebuffer_object GL_ARB_framebuffer_sRGB GL_ARB_get_program_binary GL_ARB_get_texture_sub_image GL_ARB_gl_spirv GL_ARB_gpu_shader5 GL_ARB_gpu_shader_fp64 GL_ARB_gpu_shader_int64 GL_ARB_half_float_pixel GL_ARB_half_float_vertex GL_ARB_indirect_parameters GL_ARB_instanced_arrays GL_ARB_internalformat_query GL_ARB_internalformat_query2 GL_ARB_invalidate_subdata GL_ARB_map_buffer_alignment GL_ARB_map_buffer_range GL_ARB_multi_bind GL_ARB_multi_draw_indirect GL_ARB_occlusion_query2 GL_ARB_parallel_shader_compile GL_ARB_pipeline_statistics_query GL_ARB_pixel_buffer_object GL_ARB_po
int_sprite GL_ARB_polygon_offset_clamp GL_ARB_post_depth_coverage GL_ARB_program_interface_query GL_ARB_provoking_vertex GL_ARB_query_buffer_object GL_ARB_robust_buffer_access_behavior GL_ARB_robustness GL_ARB_sample_shading GL_ARB_sampler_objects GL_ARB_seamless_cube_map GL_ARB_seamless_cubemap_per_texture GL_ARB_separate_shader_objects GL_ARB_shader_atomic_counter_ops GL_ARB_shader_atomic_counters GL_ARB_shader_ballot GL_ARB_shader_bit_encoding GL_ARB_shader_clock GL_ARB_shader_draw_parameters GL_ARB_shader_group_vote GL_ARB_shader_image_load_store GL_ARB_shader_image_size GL_ARB_shader_objects GL_ARB_shader_precision GL_ARB_shader_stencil_export GL_ARB_shader_storage_buffer_object GL_ARB_shader_subroutine GL_ARB_shader_texture_image_samples GL_ARB_shader_texture_lod GL_ARB_shader_viewport_layer_array GL_ARB_shading_language_420pack GL_ARB_shading_language_include GL_ARB_shading_language_packing GL_ARB_spirv_extensions GL_ARB_stencil_texturing GL_ARB_sync GL_ARB_tessellation_shader GL_ARB_texture_barrier G
L_ARB_texture_buffer_object GL_ARB_texture_buffer_object_rgb32 GL_ARB_texture_buffer_range GL_ARB_texture_compression_bptc GL_ARB_texture_compression_rgtc GL_ARB_texture_cube_map_array GL_ARB_texture_filter_anisotropic GL_ARB_texture_float GL_ARB_texture_gather GL_ARB_texture_mirror_clamp_to_edge GL_ARB_texture_multisample GL_ARB_texture_non_power_of_two GL_ARB_texture_query_levels GL_ARB_texture_query_lod GL_ARB_texture_rectangle GL_ARB_texture_rg GL_ARB_texture_rgb10_a2ui GL_ARB_texture_stencil8 GL_ARB_texture_storage GL_ARB_texture_storage_multisample GL_ARB_texture_swizzle GL_ARB_texture_view GL_ARB_timer_query GL_ARB_transform_feedback2 GL_ARB_transform_feedback3 GL_ARB_transform_feedback_instanced GL_ARB_transform_feedback_overflow_query GL_ARB_uniform_buffer_object GL_ARB_vertex_array_bgra GL_ARB_vertex_array_object GL_ARB_vertex_attrib_64bit GL_ARB_vertex_attrib_binding GL_ARB_vertex_buffer_object GL_ARB_vertex_shader GL_ARB_vertex_type_10f_11f_11f_rev GL_ARB_vertex_type_2_10_10_10_rev GL_ARB_viewpor
t_array GL_ATI_blend_equation_separate GL_ATI_texture_float GL_EXT_EGL_image_storage GL_EXT_EGL_sync GL_EXT_abgr GL_EXT_blend_equation_separate GL_EXT_demote_to_helper_invocation GL_EXT_draw_buffers2 GL_EXT_draw_instanced GL_EXT_framebuffer_blit GL_EXT_framebuffer_multisample GL_EXT_framebuffer_multisample_blit_scaled GL_EXT_framebuffer_object GL_EXT_framebuffer_sRGB GL_EXT_memory_object GL_EXT_memory_object_fd GL_EXT_packed_depth_stencil GL_EXT_packed_float GL_EXT_pixel_buffer_object GL_EXT_polygon_offset_clamp GL_EXT_provoking_vertex GL_EXT_semaphore GL_EXT_semaphore_fd GL_EXT_shader_framebuffer_fetch GL_EXT_shader_framebuffer_fetch_non_coherent GL_EXT_shader_integer_mix GL_EXT_shader_samples_identical GL_EXT_texture_array GL_EXT_texture_compression_dxt1 GL_EXT_texture_compression_rgtc GL_EXT_texture_compression_s3tc GL_EXT_texture_filter_anisotropic GL_EXT_texture_integer GL_EXT_texture_sRGB GL_EXT_texture_sRGB_R8 GL_EXT_texture_sRGB_decode GL_EXT_texture_shadow_lod GL_EXT_texture_shared_exponent GL_EXT_t
exture_snorm GL_EXT_texture_swizzle GL_EXT_timer_query GL_EXT_transform_feedback GL_EXT_vertex_array_bgra GL_EXT_vertex_attrib_64bit GL_IBM_multimode_draw_arrays GL_INTEL_blackhole_render GL_INTEL_conservative_rasterization GL_INTEL_performance_query GL_INTEL_shader_atomic_float_minmax GL_INTEL_shader_integer_functions2 GL_KHR_blend_equation_advanced GL_KHR_blend_equation_advanced_coherent GL_KHR_context_flush_control GL_KHR_debug GL_KHR_no_error GL_KHR_parallel_shader_compile GL_KHR_robust_buffer_access_behavior GL_KHR_robustness GL_KHR_texture_compression_astc_ldr GL_KHR_texture_compression_astc_sliced_3d GL_MESA_framebuffer_flip_y GL_MESA_pack_invert GL_MESA_shader_integer_functions GL_MESA_texture_signed_rgba GL_NV_compute_shader_derivatives GL_NV_conditional_render GL_NV_copy_image GL_NV_depth_clamp GL_NV_fragment_shader_interlock GL_NV_packed_depth_stencil GL_NV_texture_barrier GL_OES_EGL_image GL_S3_s3tc
OPENGL LOG: Creating OpenGL 4.6 graphics device ; Context level  <OpenGL 4.5> ; Context handle -1820968448
Initialize mono
Mono path[0] = '/home/arsnel/Unity/Hub/Editor/2020.3.30f1/Editor/Data/Managed'
Mono path[1] = '/home/arsnel/Unity/Hub/Editor/2020.3.30f1/Editor/Data/MonoBleedingEdge/lib/mono/unityjit'
Mono config path = '/home/arsnel/Unity/Hub/Editor/2020.3.30f1/Editor/Data/MonoBleedingEdge/etc'
Using monoOptions --debugger-agent=transport=dt_socket,embedding=1,server=y,suspend=n,address=127.0.0.1:56601
Begin MonoManager ReloadAssembly
Registering precompiled unity dll's ...
Register platform support module: /home/arsnel/Unity/Hub/Editor/2020.3.30f1/Editor/Data/PlaybackEngines/WebGLSupport/UnityEditor.WebGL.Extensions.dll
Register platform support module: /home/arsnel/Unity/Hub/Editor/2020.3.30f1/Editor/Data/PlaybackEngines/WindowsStandaloneSupport/UnityEditor.WindowsStandalone.Extensions.dll
Register platform support module: /home/arsnel/Unity/Hub/Editor/2020.3.30f1/Editor/Data/PlaybackEngines/LinuxStandaloneSupport/UnityEditor.LinuxStandalone.Extensions.dll
Registered in 0.001866 seconds.
Native extension for LinuxStandalone target not found
Native extension for WindowsStandalone target not found
Native extension for WebGL target not found
Refreshing native plugins compatible for Editor in 29.40 ms, found 0 plugins.
Preloading 0 native plugins for Editor in 0.00 ms.
Mono: successfully reloaded assembly
- Completed reload, in  0.601 seconds
Domain Reload Profiling:
	ReloadAssembly (601ms)
		BeginReloadAssembly (56ms)
			ExecutionOrderSort (0ms)
			DisableScriptedObjects (0ms)
			BackupInstance (0ms)
			ReleaseScriptingObjects (0ms)
			CreateAndSetChildDomain (1ms)
		EndReloadAssembly (473ms)
			LoadAssemblies (55ms)
			RebuildTransferFunctionScriptingTraits (0ms)
			SetupTypeCache (159ms)
			ReleaseScriptCaches (0ms)
			RebuildScriptCaches (37ms)
			SetupLoadedEditorAssemblies (181ms)
				LogAssemblyErrors (0ms)
				InitializePlatformSupportModulesInManaged (6ms)
				SetLoadedEditorAssemblies (0ms)
				RefreshPlugins (29ms)
				BeforeProcessingInitializeOnLoad (10ms)
				ProcessInitializeOnLoadAttributes (105ms)
				ProcessInitializeOnLoadMethodAttributes (31ms)
				AfterProcessingInitializeOnLoad (0ms)
				EditorAssembliesLoaded (0ms)
			ExecutionOrderSort2 (0ms)
			AwakeInstancesAfterBackupRestoration (0ms)
Platform modules already initialized, skipping
Registering precompiled user dll's ...
Registered in 0.001748 seconds.
Begin MonoManager ReloadAssembly
Native extension for LinuxStandalone target not found
Native extension for WindowsStandalone target not found
Native extension for WebGL target not found
Refreshing native plugins compatible for Editor in 0.35 ms, found 0 plugins.
Preloading 0 native plugins for Editor in 0.00 ms.
Mono: successfully reloaded assembly
- Completed reload, in  1.020 seconds
Domain Reload Profiling:
	ReloadAssembly (1020ms)
		BeginReloadAssembly (147ms)
			ExecutionOrderSort (0ms)
			DisableScriptedObjects (5ms)
			BackupInstance (0ms)
			ReleaseScriptingObjects (0ms)
			CreateAndSetChildDomain (19ms)
		EndReloadAssembly (813ms)
			LoadAssemblies (87ms)
			RebuildTransferFunctionScriptingTraits (0ms)
			SetupTypeCache (274ms)
			ReleaseScriptCaches (0ms)
			RebuildScriptCaches (50ms)
			SetupLoadedEditorAssemblies (310ms)
				LogAssemblyErrors (0ms)
				InitializePlatformSupportModulesInManaged (6ms)
				SetLoadedEditorAssemblies (1ms)
				RefreshPlugins (0ms)
				BeforeProcessingInitializeOnLoad (66ms)
				ProcessInitializeOnLoadAttributes (222ms)
				ProcessInitializeOnLoadMethodAttributes (9ms)
				AfterProcessingInitializeOnLoad (5ms)
				EditorAssembliesLoaded (0ms)
			ExecutionOrderSort2 (0ms)
			AwakeInstancesAfterBackupRestoration (7ms)
Platform modules already initialized, skipping
========================================================================
Worker process is ready to serve import requests
Launched and connected shader compiler UnityShaderCompiler after 0.00 seconds
Refreshing native plugins compatible for Editor in 0.34 ms, found 0 plugins.
Preloading 0 native plugins for Editor in 0.00 ms.
Unloading 1507 Unused Serialized files (Serialized files now loaded: 0)
System memory in use before: 63.6 MB.
System memory in use after: 63.6 MB.

Unloading 16 unused Assets to reduce memory usage. Loaded Objects now: 1944.
Total: 5.012196 ms (FindLiveObjects: 0.140098 ms CreateObjectMapping: 0.042108 ms MarkObjects: 4.683244 ms  DeleteObjects: 0.145691 ms)

AssetImportParameters requested are different than current active one (requested -> active):
  custom:video-decoder-ogg-theora: a1e56fd34408186e4bbccfd4996cb3dc -> 
  custom:container-muxer-webm: aa71ff27fc2769a1b78a27578f13a17b -> 
  custom:container-demuxer-webm: 4f35f7cbe854078d1ac9338744f61a02 -> 
  custom:container-demuxer-ogg: 62fdf1f143b41e24485cea50d1cbac27 -> 
  custom:video-encoder-webm-vp8: eb34c28f22e8b96e1ab97ce403110664 -> 
  custom:video-decoder-webm-vp8: 9c59270c3fd7afecdb556c50c9e8de78 -> 
  custom:audio-decoder-ogg-vorbis: bf7c407c2cedff20999df2af8eb42d56 -> 
  custom:audio-encoder-webm-vorbis: bf7c407c2cedff20999df2af8eb42d56 -> 
========================================================================
Received Import Request.
  path: Assets/Model/Locomotion Pack/left turn.fbx
  artifactKey: Guid(851d10bd768d1ba5a9ee3cd7b6c76e0c) Importer(815301076,1909f56bfc062723c751e8b465ee728b)
Start importing Assets/Model/Locomotion Pack/left turn.fbx using Guid(851d10bd768d1ba5a9ee3cd7b6c76e0c) Importer(815301076,1909f56bfc062723c751e8b465ee728b)  -> (artifact id: '0cb515c3e9a0e7549aa6c2a9a727857b') in 0.029346 seconds 
========================================================================
Received Import Request.
  Time since last request: 0.000233 seconds.
  path: Assets/Model/Locomotion Pack/left strafe walking.fbx
  artifactKey: Guid(3d7c0bc0e2bdff8dd9ae39f0ace29522) Importer(815301076,1909f56bfc062723c751e8b465ee728b)
Start importing Assets/Model/Locomotion Pack/left strafe walking.fbx using Guid(3d7c0bc0e2bdff8dd9ae39f0ace29522) Importer(815301076,1909f56bfc062723c751e8b465ee728b)  -> (artifact id: 'e6a9edbd1f7db7ed3547756f261f32cf') in 0.004886 seconds 
========================================================================
Received Import Request.
  Time since last request: 0.000169 seconds.
  path: Assets/Model/Locomotion Pack/jump.fbx
  artifactKey: Guid(35972eabdeeece3bdb9707457ca1135a) Importer(815301076,1909f56bfc062723c751e8b465ee728b)
Start importing Assets/Model/Locomotion Pack/jump.fbx using Guid(35972eabdeeece3bdb9707457ca1135a) Importer(815301076,1909f56bfc062723c751e8b465ee728b)  -> (artifact id: '22ad4ef6e2f81109bfbdc0e9f4f0aae2') in 0.005387 seconds 
========================================================================
Received Import Request.
  Time since last request: 0.000493 seconds.
  path: Assets/Model/Locomotion Pack/idle.fbx
  artifactKey: Guid(b9a7fbd456fac7ce7924b6dbde1bf3c0) Importer(815301076,1909f56bfc062723c751e8b465ee728b)
Start importing Assets/Model/Locomotion Pack/idle.fbx using Guid(b9a7fbd456fac7ce7924b6dbde1bf3c0) Importer(815301076,1909f56bfc062723c751e8b465ee728b)  -> (artifact id: 'bef3b25c982d72a9e620213bf1e1e6ad') in 0.008244 seconds 
========================================================================
Received Import Request.
  Time since last request: 0.000171 seconds.
  path: Assets/Model/Locomotion Pack/left turn 90.fbx
  artifactKey: Guid(5cfee02bc73ca27d38075dc8c8564be1) Importer(815301076,1909f56bfc062723c751e8b465ee728b)
Start importing Assets/Model/Locomotion Pack/left turn 90.fbx using Guid(5cfee02bc73ca27d38075dc8c8564be1) Importer(815301076,1909f56bfc062723c751e8b465ee728b)  -> (artifact id: '6facaf56b1668f4cf9a5585f05b93790') in 0.009820 seconds 
========================================================================
Received Import Request.
  Time since last request: 0.000193 seconds.
  path: Assets/Model/Locomotion Pack/left strafe.fbx
  artifactKey: Guid(d0bfd58a3836d5e8795b80e12e7ecc5f) Importer(815301076,1909f56bfc062723c751e8b465ee728b)
Start importing Assets/Model/Locomotion Pack/left strafe.fbx using Guid(d0bfd58a3836d5e8795b80e12e7ecc5f) Importer(815301076,1909f56bfc062723c751e8b465ee728b)  -> (artifact id: '44598e2da8f0edfba1c72cc3045194f6') in 0.007514 seconds 
========================================================================
Received Import Request.
  Time since last request: 5.022791 seconds.
  path: Assets/Model/Locomotion Pack/malcolm.fbx
  artifactKey: Guid(e3ef8b51e0e6e11c989fdc3af7ccb305) Importer(815301076,1909f56bfc062723c751e8b465ee728b)
Start importing Assets/Model/Locomotion Pack/malcolm.fbx using Guid(e3ef8b51e0e6e11c989fdc3af7ccb305) Importer(815301076,1909f56bfc062723c751e8b465ee728b)  -> (artifact id: 'd3b337c8f635b4dbb5c206ed89aa21f4') in 0.324421 seconds 
========================================================================
Received Import Request.
  Time since last request: 0.000259 seconds.
  path: Assets/Model/Locomotion Pack/walking.fbx
  artifactKey: Guid(a64ec08b362f7c1ab9d30bf81ad88355) Importer(815301076,1909f56bfc062723c751e8b465ee728b)
Start importing Assets/Model/Locomotion Pack/walking.fbx using Guid(a64ec08b362f7c1ab9d30bf81ad88355) Importer(815301076,1909f56bfc062723c751e8b465ee728b)  -> (artifact id: '39887575fffdff4a500b2c8742b0a68c') in 0.007428 seconds 
========================================================================
Received Import Request.
  Time since last request: 0.000192 seconds.
  path: Assets/Model/Locomotion Pack/right turn 90.fbx
  artifactKey: Guid(11947f00cf45ca2589c4217330967f6f) Importer(815301076,1909f56bfc062723c751e8b465ee728b)
Start importing Assets/Model/Locomotion Pack/right turn 90.fbx using Guid(11947f00cf45ca2589c4217330967f6f) Importer(815301076,1909f56bfc062723c751e8b465ee728b)  -> (artifact id: 'd8cfd0a332d72dc9ac8a2c310874de3a') in 0.008631 seconds 
========================================================================
Received Import Request.
  Time since last request: 0.000315 seconds.
  path: Assets/Model/Locomotion Pack/right strafe.fbx
  artifactKey: Guid(3f75dc477ec2e6328b90095eef7fb9e1) Importer(815301076,1909f56bfc062723c751e8b465ee728b)
Start importing Assets/Model/Locomotion Pack/right strafe.fbx using Guid(3f75dc477ec2e6328b90095eef7fb9e1) Importer(815301076,1909f56bfc062723c751e8b465ee728b)  -> (artifact id: 'e1853a2535e0df03dc26c1b4051d5a92') in 0.009087 seconds 
========================================================================
Received Import Request.
  Time since last request: 0.000313 seconds.
  path: Assets/Model/Locomotion Pack/right strafe walking.fbx
  artifactKey: Guid(84180a28c01ecf0bba1473c762221e2f) Importer(815301076,1909f56bfc062723c751e8b465ee728b)
Start importing Assets/Model/Locomotion Pack/right strafe walking.fbx using Guid(84180a28c01ecf0bba1473c762221e2f) Importer(815301076,1909f56bfc062723c751e8b465ee728b)  -> (artifact id: 'ace883dfade1e0d0895e751e08914ec1') in 0.008633 seconds 
========================================================================
Received Import Request.
  Time since last request: 0.000359 seconds.
  path: Assets/Model/Locomotion Pack/running.fbx
  artifactKey: Guid(6725a884bdb0c8972829fc25fbb0f02a) Importer(815301076,1909f56bfc062723c751e8b465ee728b)
Start importing Assets/Model/Locomotion Pack/running.fbx using Guid(6725a884bdb0c8972829fc25fbb0f02a) Importer(815301076,1909f56bfc062723c751e8b465ee728b)  -> (artifact id: 'f7a7748c9c3dd3f1a5cdf1476e5f2f2e') in 0.007223 seconds 
========================================================================
Received Import Request.
  Time since last request: 0.000322 seconds.
  path: Assets/Model/Locomotion Pack/right turn.fbx
  artifactKey: Guid(d0902fc4bdfb9cc769e4e19d78b9ce49) Importer(815301076,1909f56bfc062723c751e8b465ee728b)
Start importing Assets/Model/Locomotion Pack/right turn.fbx using Guid(d0902fc4bdfb9cc769e4e19d78b9ce49) Importer(815301076,1909f56bfc062723c751e8b465ee728b)  -> (artifact id: 'dc77de2f5707ce68d74075ebe25cf723') in 0.007657 seconds 
========================================================================
Received Import Request.
  Time since last request: 55.518834 seconds.
  path: Assets/Park Assets/Materials/Grass.mat
  artifactKey: Guid(240e05a8bd75c4b44978cec5eeda76f0) Importer(815301076,1909f56bfc062723c751e8b465ee728b)
Start importing Assets/Park Assets/Materials/Grass.mat using Guid(240e05a8bd75c4b44978cec5eeda76f0) Importer(815301076,1909f56bfc062723c751e8b465ee728b)  -> (artifact id: '76d78fd820950e2dcfba14543b366b05') in 0.007917 seconds 
========================================================================
Received Import Request.
  Time since last request: 0.000170 seconds.
  path: Assets/Texture/GreenLand.mat
  artifactKey: Guid(0915fde3d59eaaa5097c567c9d540b1f) Importer(815301076,1909f56bfc062723c751e8b465ee728b)
Start importing Assets/Texture/GreenLand.mat using Guid(0915fde3d59eaaa5097c567c9d540b1f) Importer(815301076,1909f56bfc062723c751e8b465ee728b)  -> (artifact id: 'b658b1f4bd4348e9ea73db86439cb5aa') in 0.008260 seconds 
========================================================================
Received Import Request.
  Time since last request: 0.000238 seconds.
  path: Assets/Park Assets/Materials/Low_Poly_Mat_Variant1.mat
  artifactKey: Guid(9b72e6fbb8e97094396e14960b5c42a9) Importer(815301076,1909f56bfc062723c751e8b465ee728b)
Start importing Assets/Park Assets/Materials/Low_Poly_Mat_Variant1.mat using Guid(9b72e6fbb8e97094396e14960b5c42a9) Importer(815301076,1909f56bfc062723c751e8b465ee728b)  -> (artifact id: '8c08f4a0abe0cb8daebffe30fe3be8e6') in 0.011964 seconds 
========================================================================
Received Import Request.
  Time since last request: 0.000230 seconds.
  path: Assets/Park/Textures/SKY_Mat.mat
  artifactKey: Guid(b7c63368cd095bd499d5e0818af66f27) Importer(815301076,1909f56bfc062723c751e8b465ee728b)
Start importing Assets/Park/Textures/SKY_Mat.mat using Guid(b7c63368cd095bd499d5e0818af66f27) Importer(815301076,1909f56bfc062723c751e8b465ee728b)  -> (artifact id: '4ec0916775caf50182f49ef8cc4c0f4e') in 0.013134 seconds 
========================================================================
Received Import Request.
  Time since last request: 0.000223 seconds.
  path: Assets/Park/Materials/Park_Material.mat
  artifactKey: Guid(cd755f09272c3854ca39b842f57debc5) Importer(815301076,1909f56bfc062723c751e8b465ee728b)
Start importing Assets/Park/Materials/Park_Material.mat using Guid(cd755f09272c3854ca39b842f57debc5) Importer(815301076,1909f56bfc062723c751e8b465ee728b)  -> (artifact id: '648d3052b890c712f97544adcbd7da4f') in 0.011474 seconds 
========================================================================
Received Import Request.
  Time since last request: 0.000217 seconds.
  path: Assets/Park Assets/Materials/Low_Poly_Mat.mat
  artifactKey: Guid(97624b71c12bc624ba1e7148e6470055) Importer(815301076,1909f56bfc062723c751e8b465ee728b)
Start importing Assets/Park Assets/Materials/Low_Poly_Mat.mat using Guid(97624b71c12bc624ba1e7148e6470055) Importer(815301076,1909f56bfc062723c751e8b465ee728b)  -> (artifact id: 'be8d6aac04cd5d7755b2113a53f59953') in 0.007023 seconds 
========================================================================
Received Import Request.
  Time since last request: 0.000301 seconds.
  path: Assets/Park/Materials/Illumin.mat
  artifactKey: Guid(cb62a2f3f8a601349b8adedf4d160eb0) Importer(815301076,1909f56bfc062723c751e8b465ee728b)
Start importing Assets/Park/Materials/Illumin.mat using Guid(cb62a2f3f8a601349b8adedf4d160eb0) Importer(815301076,1909f56bfc062723c751e8b465ee728b)  -> (artifact id: '3ae09d747f4f8adec2b3ff65740a51ff') in 0.005556 seconds 
========================================================================
Received Import Request.
  Time since last request: 22.810232 seconds.
  path: Assets/Texture
  artifactKey: Guid(8a4b4510180b6192e9156ed027ce2592) Importer(815301076,1909f56bfc062723c751e8b465ee728b)
Start importing Assets/Texture using Guid(8a4b4510180b6192e9156ed027ce2592) Importer(815301076,1909f56bfc062723c751e8b465ee728b)  -> (artifact id: 'a4f37a9a8cf278a1ddfbc58a4c44470f') in 0.000824 seconds 
========================================================================
Received Import Request.
  Time since last request: 60.453580 seconds.
  path: Assets/Texture/BodyMat.mat
  artifactKey: Guid(d1daaab39bd8b9413bb2ad9ba258150f) Importer(815301076,1909f56bfc062723c751e8b465ee728b)
Start importing Assets/Texture/BodyMat.mat using Guid(d1daaab39bd8b9413bb2ad9ba258150f) Importer(815301076,1909f56bfc062723c751e8b465ee728b)  -> (artifact id: '5d84c944c8de7b1872aac2bc34679568') in 0.008434 seconds 
========================================================================
Received Import Request.
  Time since last request: 48.798418 seconds.
  path: Assets/Model/Locomotion Pack/malcolm.fbx
  artifactKey: Guid(e3ef8b51e0e6e11c989fdc3af7ccb305) Importer(815301076,1909f56bfc062723c751e8b465ee728b)
Start importing Assets/Model/Locomotion Pack/malcolm.fbx using Guid(e3ef8b51e0e6e11c989fdc3af7ccb305) Importer(815301076,1909f56bfc062723c751e8b465ee728b)  -> (artifact id: 'acad225d847d58de46db58e1fcc6198e') in 0.155524 seconds 
========================================================================
Received Import Request.
  Time since last request: 35.994377 seconds.
  path: Assets/Texture/New Material.mat
  artifactKey: Guid(e5f48aab4f296f313b552a6dbba7b738) Importer(815301076,1909f56bfc062723c751e8b465ee728b)
Start importing Assets/Texture/New Material.mat using Guid(e5f48aab4f296f313b552a6dbba7b738) Importer(815301076,1909f56bfc062723c751e8b465ee728b)  -> (artifact id: '215f54a63eb89b1268d24924f0adedd8') in 0.013917 seconds 
========================================================================
Received Import Request.
  Time since last request: 18.309160 seconds.
  path: Assets/Texture/Hat.mat
  artifactKey: Guid(e5f48aab4f296f313b552a6dbba7b738) Importer(815301076,1909f56bfc062723c751e8b465ee728b)
Start importing Assets/Texture/Hat.mat using Guid(e5f48aab4f296f313b552a6dbba7b738) Importer(815301076,1909f56bfc062723c751e8b465ee728b)  -> (artifact id: 'b0176081b4afd72b3ab27602ca016fed') in 0.009067 seconds 
========================================================================
Received Import Request.
  Time since last request: 11.464449 seconds.
  path: Assets/Texture/Shoe.mat
  artifactKey: Guid(c5ca84939d810001f8bea68eef030a23) Importer(815301076,1909f56bfc062723c751e8b465ee728b)
Start importing Assets/Texture/Shoe.mat using Guid(c5ca84939d810001f8bea68eef030a23) Importer(815301076,1909f56bfc062723c751e8b465ee728b)  -> (artifact id: '44e2bf94590296fd9eab5dea726bf90f') in 0.011319 seconds 
========================================================================
Received Import Request.
  Time since last request: 24.684506 seconds.
  path: Assets/Texture/Pants.mat
  artifactKey: Guid(60db78964b0af2bd0a4710c9821f3a8f) Importer(815301076,1909f56bfc062723c751e8b465ee728b)
Start importing Assets/Texture/Pants.mat using Guid(60db78964b0af2bd0a4710c9821f3a8f) Importer(815301076,1909f56bfc062723c751e8b465ee728b)  -> (artifact id: 'f6e5df53e3412fc7fb62c4c546b8a49c') in 0.009948 seconds 
========================================================================
Received Import Request.
  Time since last request: 14.935671 seconds.
  path: Assets/Texture/shirt.mat
  artifactKey: Guid(c7184ac4db42b4a46bab579fb3cb3b24) Importer(815301076,1909f56bfc062723c751e8b465ee728b)
Start importing Assets/Texture/shirt.mat using Guid(c7184ac4db42b4a46bab579fb3cb3b24) Importer(815301076,1909f56bfc062723c751e8b465ee728b)  -> (artifact id: '5cb42acda7141b761c9e8f459e8c7970') in 0.009069 seconds 
========================================================================
Received Import Request.
  Time since last request: 19.357083 seconds.
  path: Assets/Texture/hair.mat
  artifactKey: Guid(56d7bf08de0f647049d8a1ce6f16e1bf) Importer(815301076,1909f56bfc062723c751e8b465ee728b)
Start importing Assets/Texture/hair.mat using Guid(56d7bf08de0f647049d8a1ce6f16e1bf) Importer(815301076,1909f56bfc062723c751e8b465ee728b)  -> (artifact id: 'c88cfb1696f716f690e71609a39bd922') in 0.013152 seconds 
========================================================================
Received Import Request.
  Time since last request: 85.420853 seconds.
  path: Assets/Model/Locomotion Pack/malcolm.fbx
  artifactKey: Guid(e3ef8b51e0e6e11c989fdc3af7ccb305) Importer(815301076,1909f56bfc062723c751e8b465ee728b)
Start importing Assets/Model/Locomotion Pack/malcolm.fbx using Guid(e3ef8b51e0e6e11c989fdc3af7ccb305) Importer(815301076,1909f56bfc062723c751e8b465ee728b)  -> (artifact id: '114f60010300db485ca36650d3162e5a') in 0.151887 seconds 
========================================================================
Received Import Request.
  Time since last request: 11.847470 seconds.
  path: Assets/Model/Locomotion Pack/malcolm.fbx
  artifactKey: Guid(e3ef8b51e0e6e11c989fdc3af7ccb305) Importer(815301076,1909f56bfc062723c751e8b465ee728b)
Start importing Assets/Model/Locomotion Pack/malcolm.fbx using Guid(e3ef8b51e0e6e11c989fdc3af7ccb305) Importer(815301076,1909f56bfc062723c751e8b465ee728b)  -> (artifact id: 'a52e33095da7cbbe49023cf57d5d1507') in 0.147181 seconds 
========================================================================
Received Import Request.
  Time since last request: 8.698853 seconds.
  path: Assets/Model/Locomotion Pack/malcolm.fbx
  artifactKey: Guid(e3ef8b51e0e6e11c989fdc3af7ccb305) Importer(815301076,1909f56bfc062723c751e8b465ee728b)
Start importing Assets/Model/Locomotion Pack/malcolm.fbx using Guid(e3ef8b51e0e6e11c989fdc3af7ccb305) Importer(815301076,1909f56bfc062723c751e8b465ee728b)  -> (artifact id: '287604d089e0cfe05589597f56c2a369') in 0.137939 seconds 
========================================================================
Received Import Request.
  Time since last request: 12.296436 seconds.
  path: Assets/Model/Locomotion Pack/malcolm.fbx
  artifactKey: Guid(e3ef8b51e0e6e11c989fdc3af7ccb305) Importer(815301076,1909f56bfc062723c751e8b465ee728b)
Start importing Assets/Model/Locomotion Pack/malcolm.fbx using Guid(e3ef8b51e0e6e11c989fdc3af7ccb305) Importer(815301076,1909f56bfc062723c751e8b465ee728b)  -> (artifact id: '1118e720473762f6ff7206c14cafb4ce') in 0.133287 seconds 
